<?xml version="1.0" encoding="UTF-8"?>
<!-- Generated by org.testng.reporters.JUnitReportReporter -->
<testsuite hostname="Jisha-HP-ENVY-Laptop" failures="0" tests="1" name="script.ValidSignUp" time="13.056" errors="0" timestamp="27 Apr 2023 10:55:32 GMT" skipped="0">
  <testcase classname="script.ValidSignUp" name="testValidSignUp" time="13.056"/>
</testsuite> <!-- script.ValidSignUp -->
