<?xml version="1.0" encoding="UTF-8"?>
<!-- Generated by org.testng.reporters.JUnitReportReporter -->
<testsuite hostname="Jisha-HP-ENVY-Laptop" failures="0" tests="1" name="script.InvalidSignIn" time="24.565" errors="0" timestamp="16 May 2023 10:18:44 GMT" skipped="0">
  <testcase classname="script.InvalidSignIn" name="testInvalidSignIn" time="24.565"/>
</testsuite> <!-- script.InvalidSignIn -->
