<?xml version="1.0" encoding="UTF-8"?>
<!-- Generated by org.testng.reporters.JUnitReportReporter -->
<testsuite hostname="Jisha-HP-ENVY-Laptop" failures="0" tests="1" name="script.ValidSignUp" time="39.544" errors="0" timestamp="25 Apr 2023 13:22:00 GMT" skipped="0">
  <testcase classname="script.ValidSignUp" name="testValidSignUp" time="39.544"/>
</testsuite> <!-- script.ValidSignUp -->
