<?xml version="1.0" encoding="UTF-8"?>
<!-- Generated by org.testng.reporters.JUnitReportReporter -->
<testsuite hostname="Jisha-HP-ENVY-Laptop" failures="0" tests="1" name="script.InvalidSignUp" time="22.842" errors="0" timestamp="28 Apr 2023 02:56:52 GMT" skipped="0">
  <testcase classname="script.InvalidSignUp" name="testInvalidSignUp" time="22.842"/>
</testsuite> <!-- script.InvalidSignUp -->
