<?xml version="1.0" encoding="UTF-8"?>
<!-- Generated by org.testng.reporters.JUnitReportReporter -->
<testsuite hostname="Jisha-HP-ENVY-Laptop" failures="0" tests="1" name="script.SignUp" time="36.480" errors="0" timestamp="25 Apr 2023 13:20:57 GMT" skipped="0">
  <testcase classname="script.SignUp" name="testSignUpPopUp" time="36.480"/>
</testsuite> <!-- script.SignUp -->
