<?xml version="1.0" encoding="UTF-8"?>
<!-- Generated by org.testng.reporters.JUnitReportReporter -->
<testsuite hostname="LAPTOP-RI7JP09I" failures="0" tests="2" name="script.ValidSignUp" time="32.279" errors="0" timestamp="24 Aug 2022 04:46:32 GMT" skipped="0">
  <testcase classname="script.ValidSignUp" name="testValidSignUp" time="16.193"/>
  <testcase classname="script.ValidSignUp" name="testValidSignUp" time="16.086"/>
</testsuite> <!-- script.ValidSignUp -->
